<?xml version="1.0" encoding="UTF-8"?>
<!-- Generated by org.testng.reporters.JUnitReportReporter -->
<testsuite hostname="CACVSAL-5LTW0F1" name="com.mktneutral.citydata.test.server.batch.WordTest" tests="2" failures="0" timestamp="3 Nov 2012 01:42:43 GMT" time="0.031" errors="0">
  <testcase name="testScoreWord" time="0.000" classname="com.mktneutral.citydata.test.server.batch.WordTest"/>
  <testcase name="testGetWordString" time="0.031" classname="com.mktneutral.citydata.test.server.batch.WordTest"/>
</testsuite> <!-- com.mktneutral.citydata.test.server.batch.WordTest -->
