<?xml version="1.0" encoding="UTF-8"?>
<!-- Generated by org.testng.reporters.JUnitReportReporter -->
<testsuite hostname="CACVSAL-5LTW0F1" name="com.mktneutral.citydata.test.server.batch.WWFTest" tests="1" failures="0" timestamp="2 Nov 2012 23:58:25 GMT" time="0.017" errors="0">
  <testcase name="testSetAlphabet" time="0.017" classname="com.mktneutral.citydata.test.server.batch.WWFTest"/>
</testsuite> <!-- com.mktneutral.citydata.test.server.batch.WWFTest -->
