<?xml version="1.0" encoding="UTF-8"?>
<!-- Generated by org.testng.reporters.JUnitReportReporter -->
<testsuite hostname="CACVSAL-5LTW0F1" name="com.mktneutral.citydata.test.server.batch.WWFTest" tests="3" failures="0" timestamp="3 Nov 2012 01:42:30 GMT" time="0.031" errors="0">
  <testcase name="testPrintAlphabet" time="0.000" classname="com.mktneutral.citydata.test.server.batch.WWFTest"/>
  <testcase name="testFillLetterDeck" time="0.031" classname="com.mktneutral.citydata.test.server.batch.WWFTest"/>
  <testcase name="testSetAlphabet" time="0.000" classname="com.mktneutral.citydata.test.server.batch.WWFTest"/>
</testsuite> <!-- com.mktneutral.citydata.test.server.batch.WWFTest -->
