<?xml version="1.0" encoding="UTF-8"?>
<!-- Generated by org.testng.reporters.JUnitReportReporter -->
<testsuite hostname="CACVSAL-5LTW0F1" name="com.mktneutral.citydata.test.server.batch.PlayerTest" tests="3" failures="0" timestamp="2 Nov 2012 22:43:19 GMT" time="0.037" errors="0">
  <testcase name="testDealLetters" time="0.036" classname="com.mktneutral.citydata.test.server.batch.PlayerTest"/>
  <testcase name="testGetScore" time="0.000" classname="com.mktneutral.citydata.test.server.batch.PlayerTest"/>
  <testcase name="testGetName" time="0.001" classname="com.mktneutral.citydata.test.server.batch.PlayerTest"/>
</testsuite> <!-- com.mktneutral.citydata.test.server.batch.PlayerTest -->
