<?xml version="1.0" encoding="UTF-8"?>
<!-- Generated by org.testng.reporters.JUnitReportReporter -->
<testsuite hostname="CACVSAL-5LTW0F1" name="com.mktneutral.citydata.test.server.batch.PlayerTest" tests="3" failures="0" timestamp="2 Nov 2012 23:38:19 GMT" time="0.063" errors="0">
  <testcase name="testGetName" time="0.031" classname="com.mktneutral.citydata.test.server.batch.PlayerTest"/>
  <testcase name="testDealLetters" time="0.032" classname="com.mktneutral.citydata.test.server.batch.PlayerTest"/>
  <testcase name="testGetScoreAndIncrementScore" time="0.000" classname="com.mktneutral.citydata.test.server.batch.PlayerTest"/>
</testsuite> <!-- com.mktneutral.citydata.test.server.batch.PlayerTest -->
